ERROR: 07/29/2021 16:32:34 aaaaaa
INFO: 07/29/2021 16:32:34 do_actions запустился
INFO: 07/29/2021 16:32:34 Начинается установка каналов [5, 6, 13, 16, 19, 20, 21, 26].
INFO: 07/29/2021 16:32:34 Каналы [5, 6, 13, 16, 19, 20, 21, 26] установлены.
DEBUG: 07/29/2021 16:32:35 Using selector: EpollSelector
ERROR: 01/19/2022 21:17:58 aaaaaa
INFO: 01/19/2022 21:17:58 do_actions запустился
INFO: 01/19/2022 21:17:58 Начинается установка каналов [5, 6, 13, 16, 19, 20, 21, 26].
INFO: 01/19/2022 21:17:58 Каналы [5, 6, 13, 16, 19, 20, 21, 26] установлены.
DEBUG: 01/19/2022 21:17:59 Using selector: EpollSelector
INFO: 01/19/2022 21:17:59 Новый Action.
INFO: 01/19/2022 21:17:59 Клапан 5 (клубника) активируется...
INFO: 01/19/2022 21:17:59 Клапан 5 (клубника) активирован.
INFO: 01/19/2022 21:18:10 Клапан 5 (клубника) дизактивируется...
INFO: 01/19/2022 21:18:10 Клапан 5 (клубника) дизактивирован.
INFO: 01/19/2022 21:18:19 Новый Action.
INFO: 01/19/2022 21:18:19 Клапан 5 (клубника) активируется...
INFO: 01/19/2022 21:18:19 Клапан 5 (клубника) активирован.
INFO: 01/19/2022 21:18:20 Клапан 5 (клубника) дизактивируется...
INFO: 01/19/2022 21:18:20 Клапан 5 (клубника) дизактивирован.
INFO: 01/19/2022 21:19:00 У растения клубника (клапан 5) время авт. полива.
INFO: 01/19/2022 21:19:02 Новый Action.
INFO: 01/19/2022 21:19:02 Клапан 5 (клубника) активируется...
INFO: 01/19/2022 21:19:02 Клапан 5 (клубника) активирован.
INFO: 01/19/2022 21:19:13 Клапан 5 (клубника) дизактивируется...
INFO: 01/19/2022 21:19:13 Клапан 5 (клубника) дизактивирован.
INFO: 01/19/2022 21:19:32 Новый Action.
INFO: 01/19/2022 21:19:32 Клапан 5 (клубника) активируется...
INFO: 01/19/2022 21:19:32 Клапан 5 (клубника) активирован.
INFO: 01/19/2022 21:21:49 Клапан 5 (клубника) дизактивируется...
INFO: 01/19/2022 21:21:49 Клапан 5 (клубника) дизактивирован.
INFO: 01/19/2022 21:24:50 Новый Action.
INFO: 01/19/2022 21:24:50 Клапан 26 (ромашки) активируется...
INFO: 01/19/2022 21:24:50 Клапан 26 (ромашки) активирован.
INFO: 01/19/2022 21:24:51 Клапан 26 (ромашки) дизактивируется...
INFO: 01/19/2022 21:24:51 Клапан 26 (ромашки) дизактивирован.
INFO: 01/19/2022 21:26:06 У растения ромашки (клапан 13) время авт. полива.
INFO: 01/19/2022 21:26:07 Новый Action.
INFO: 01/19/2022 21:26:07 Клапан 13 (ромашки) активируется...
INFO: 01/19/2022 21:26:07 Клапан 13 (ромашки) активирован.
INFO: 01/19/2022 21:26:14 Клапан 13 (ромашки) дизактивируется...
INFO: 01/19/2022 21:26:14 Клапан 13 (ромашки) дизактивирован.
INFO: 01/19/2022 21:26:38 Новый Action.
INFO: 01/19/2022 21:26:38 Клапан 13 (ананас) активируется...
INFO: 01/19/2022 21:26:38 Клапан 13 (ананас) активирован.
INFO: 01/19/2022 21:26:45 Клапан 13 (ананас) дизактивируется...
INFO: 01/19/2022 21:26:45 Клапан 13 (ананас) дизактивирован.
INFO: 01/19/2022 21:26:47 Новый Action.
INFO: 01/19/2022 21:26:47 Клапан 26 (ромашки) активируется...
INFO: 01/19/2022 21:26:47 Клапан 26 (ромашки) активирован.
INFO: 01/19/2022 21:26:54 Новый Action.
INFO: 01/19/2022 21:26:54 Клапан 5 (клубника) активируется...
INFO: 01/19/2022 21:26:54 Клапан 5 (клубника) активирован.
INFO: 01/19/2022 21:26:59 Клапан 26 (ромашки) дизактивируется...
INFO: 01/19/2022 21:26:59 Клапан 26 (ромашки) дизактивирован.
INFO: 01/19/2022 21:27:07 Клапан 5 (клубника) дизактивируется...
INFO: 01/19/2022 21:27:07 Клапан 5 (клубника) дизактивирован.
